<?xml version="1.0" encoding="UTF-8"?>
<!-- Generated by org.testng.reporters.JUnitXMLReporter -->
<testsuite ignored="0" hostname="DESKTOP-UUJQ8RB" failures="0" tests="3" name="Default test" time="21.009" errors="0" timestamp="2026-03-01T20:54:29 IST">
  <testcase classname="com.blazedemo.tests.DataDrivenTest" name="TC04_multipleBookings" time="3.336"/>
  <testcase classname="com.blazedemo.tests.DataDrivenTest" name="TC04_multipleBookings" time="3.133"/>
  <testcase classname="com.blazedemo.tests.DataDrivenTest" name="TC04_multipleBookings" time="3.382"/>
</testsuite> <!-- Default test -->
