<?xml version="1.0" encoding="UTF-8"?>
<!-- Generated by org.testng.reporters.JUnitXMLReporter -->
<testsuite ignored="0" hostname="DESKTOP-UUJQ8RB" failures="3" tests="9" name="Test" time="84.156" errors="0" timestamp="2026-02-26T00:06:12 IST">
  <testcase classname="com.blazedemo.tests.SmokeTest" name="TC01_verifyHomepageLoads" time="0.409"/>
  <testcase classname="com.blazedemo.tests.FunctionalTests" name="TC02_SearchFlights" time="1.518"/>
  <testcase classname="com.blazedemo.tests.FunctionalTests" name="TC03_completeFlightBooking" time="4.179"/>
  <testcase classname="com.blazedemo.tests.DataDrivenTest" name="TC04_multipleBookings" time="4.647"/>
  <testcase classname="com.blazedemo.tests.DataDrivenTest" name="TC04_multipleBookings" time="4.025"/>
  <testcase classname="com.blazedemo.tests.DataDrivenTest" name="TC04_multipleBookings" time="3.89"/>
  <testcase classname="com.blazedemo.tests.NegativeTests" name="TC05_BlankcreaditcardDetail" time="4.697">
    <failure type="java.lang.AssertionError" message="Defect: System allowed booking with blank credit card! expected [true] but found [false]">
      <![CDATA[java.lang.AssertionError: Defect: System allowed booking with blank credit card! expected [true] but found [false]
at com.blazedemo.tests.NegativeTests.TC05_BlankcreaditcardDetail(NegativeTests.java:22)
at java.base/java.util.ArrayList.forEach(ArrayList.java:1511)
... Removed 30 stack frames]]>
    </failure>
  </testcase> <!-- TC05_BlankcreaditcardDetail -->
  <testcase classname="com.blazedemo.tests.NegativeTests" name="TC06_InvalidCreditCardCharacters" time="4.443">
    <failure type="java.lang.AssertionError" message="Defect: System Accepts invalid character expected [true] but found [false]">
      <![CDATA[java.lang.AssertionError: Defect: System Accepts invalid character expected [true] but found [false]
at com.blazedemo.tests.NegativeTests.TC06_InvalidCreditCardCharacters(NegativeTests.java:42)
at java.base/java.util.ArrayList.forEach(ArrayList.java:1511)
... Removed 30 stack frames]]>
    </failure>
  </testcase> <!-- TC06_InvalidCreditCardCharacters -->
  <testcase classname="com.blazedemo.tests.NegativeTests" name="TC07_sameDepartureAndDestinationCity" time="20.454">
    <failure type="org.openqa.selenium.NoSuchElementException" message="Cannot locate option with text: Paris
For documentation on this error, please visit: https://www.selenium.dev/documentation/webdriver/troubleshooting/errors#nosuchelementexception
Build info: version: &amp;apos;4.39.0&amp;apos;, revision: &amp;apos;126f156aee&amp;apos;
System info: os.name: &amp;apos;Windows 11&amp;apos;, os.arch: &amp;apos;amd64&amp;apos;, os.version: &amp;apos;10.0&amp;apos;, java.version: &amp;apos;17.0.12&amp;apos;
Driver info: driver.version: unknown">
      <![CDATA[org.openqa.selenium.NoSuchElementException: Cannot locate option with text: Paris
For documentation on this error, please visit: https://www.selenium.dev/documentation/webdriver/troubleshooting/errors#nosuchelementexception
Build info: version: '4.39.0', revision: '126f156aee'
System info: os.name: 'Windows 11', os.arch: 'amd64', os.version: '10.0', java.version: '17.0.12'
Driver info: driver.version: unknown
at org.openqa.selenium.support.ui.Select.selectByVisibleText(Select.java:397)
at org.openqa.selenium.support.ui.Select.selectByVisibleText(Select.java:125)
at com.blazedemo.pages.HomePage.selectCities(HomePage.java:41)
at com.blazedemo.tests.NegativeTests.TC07_sameDepartureAndDestinationCity(NegativeTests.java:50)
at java.base/java.util.ArrayList.forEach(ArrayList.java:1511)
... Removed 27 stack frames]]>
    </failure>
  </testcase> <!-- TC07_sameDepartureAndDestinationCity -->
</testsuite> <!-- Test -->
