<?xml version="1.0" encoding="UTF-8"?>
<!-- Generated by org.testng.reporters.JUnitXMLReporter -->
<testsuite ignored="0" hostname="DESKTOP-UUJQ8RB" failures="2" tests="9" name="Test" time="47.208" errors="0" timestamp="2026-03-01T20:55:56 IST">
  <testcase classname="com.blazedemo.tests.SmokeTest" name="TC01_verifyHomepageLoads" time="0.171"/>
  <testcase classname="com.blazedemo.tests.FunctionalTests" name="TC02_SearchFlights" time="0.838"/>
  <testcase classname="com.blazedemo.tests.FunctionalTests" name="TC03_completeFlightBooking" time="2.896"/>
  <testcase classname="com.blazedemo.tests.DataDrivenTest" name="TC04_multipleBookings" time="3.407"/>
  <testcase classname="com.blazedemo.tests.DataDrivenTest" name="TC04_multipleBookings" time="4.796"/>
  <testcase classname="com.blazedemo.tests.DataDrivenTest" name="TC04_multipleBookings" time="3.25"/>
  <testcase classname="com.blazedemo.tests.NegativeTests" name="TC05_BlankcreaditcardDetail" time="2.913">
    <failure type="java.lang.AssertionError" message="Defect: System allowed booking with blank credit card! expected [true] but found [false]">
      <![CDATA[java.lang.AssertionError: Defect: System allowed booking with blank credit card! expected [true] but found [false]
at com.blazedemo.tests.NegativeTests.TC05_BlankcreaditcardDetail(NegativeTests.java:23)
at java.base/java.util.ArrayList.forEach(ArrayList.java:1511)
... Removed 30 stack frames]]>
    </failure>
  </testcase> <!-- TC05_BlankcreaditcardDetail -->
  <testcase classname="com.blazedemo.tests.NegativeTests" name="TC06_InvalidCreditCardCharacters" time="3.249">
    <failure type="java.lang.AssertionError" message="Defect: System Accepts invalid character expected [true] but found [false]">
      <![CDATA[java.lang.AssertionError: Defect: System Accepts invalid character expected [true] but found [false]
at com.blazedemo.tests.NegativeTests.TC06_InvalidCreditCardCharacters(NegativeTests.java:43)
at java.base/java.util.ArrayList.forEach(ArrayList.java:1511)
... Removed 30 stack frames]]>
    </failure>
  </testcase> <!-- TC06_InvalidCreditCardCharacters -->
  <testcase classname="com.blazedemo.tests.NegativeTests" name="TC07_sameDepartureAndDestinationCity" time="0.213"/>
</testsuite> <!-- Test -->
