<?xml version="1.0" encoding="UTF-8"?>
<!-- Generated by org.testng.reporters.JUnitXMLReporter -->
<testsuite ignored="0" hostname="DESKTOP-UUJQ8RB" failures="3" tests="9" name="Test" time="44.588" errors="0" timestamp="2026-03-01T20:52:25 IST">
  <testcase classname="com.blazedemo.tests.SmokeTest" name="TC01_verifyHomepageLoads" time="0.241"/>
  <testcase classname="com.blazedemo.tests.FunctionalTests" name="TC02_SearchFlights" time="1.238"/>
  <testcase classname="com.blazedemo.tests.FunctionalTests" name="TC03_completeFlightBooking" time="3.124"/>
  <testcase classname="com.blazedemo.tests.DataDrivenTest" name="TC04_multipleBookings" time="2.842"/>
  <testcase classname="com.blazedemo.tests.DataDrivenTest" name="TC04_multipleBookings" time="3.049"/>
  <testcase classname="com.blazedemo.tests.DataDrivenTest" name="TC04_multipleBookings" time="1.824">
    <failure type="java.lang.AssertionError" message="expected [true] but found [false]">
      <![CDATA[java.lang.AssertionError: expected [true] but found [false]
at com.blazedemo.tests.DataDrivenTest.TC04_multipleBookings(DataDrivenTest.java:22)
at java.base/java.util.ArrayList.forEach(ArrayList.java:1511)
... Removed 35 stack frames]]>
    </failure>
  </testcase> <!-- TC04_multipleBookings -->
  <testcase classname="com.blazedemo.tests.NegativeTests" name="TC05_BlankcreaditcardDetail" time="2.56">
    <failure type="java.lang.AssertionError" message="Defect: System allowed booking with blank credit card! expected [true] but found [false]">
      <![CDATA[java.lang.AssertionError: Defect: System allowed booking with blank credit card! expected [true] but found [false]
at com.blazedemo.tests.NegativeTests.TC05_BlankcreaditcardDetail(NegativeTests.java:23)
at java.base/java.util.ArrayList.forEach(ArrayList.java:1511)
... Removed 34 stack frames]]>
    </failure>
  </testcase> <!-- TC05_BlankcreaditcardDetail -->
  <testcase classname="com.blazedemo.tests.NegativeTests" name="TC06_InvalidCreditCardCharacters" time="2.936">
    <failure type="java.lang.AssertionError" message="Defect: System Accepts invalid character expected [true] but found [false]">
      <![CDATA[java.lang.AssertionError: Defect: System Accepts invalid character expected [true] but found [false]
at com.blazedemo.tests.NegativeTests.TC06_InvalidCreditCardCharacters(NegativeTests.java:43)
at java.base/java.util.ArrayList.forEach(ArrayList.java:1511)
... Removed 34 stack frames]]>
    </failure>
  </testcase> <!-- TC06_InvalidCreditCardCharacters -->
  <testcase classname="com.blazedemo.tests.NegativeTests" name="TC07_sameDepartureAndDestinationCity" time="0.223"/>
</testsuite> <!-- Test -->
