<?xml version="1.0" encoding="UTF-8"?>
<testsuite xmlns:xsi="http://www.w3.org/2001/XMLSchema-instance" xsi:noNamespaceSchemaLocation="https://maven.apache.org/surefire/maven-surefire-plugin/xsd/surefire-test-report.xsd" version="3.0.2" name="TestSuite" time="45.8" tests="9" errors="0" skipped="0" failures="3">
  <properties>
[...]
</properties>
  <testcase name="TC01_verifyHomepageLoads" classname="com.blazedemo.tests.SmokeTest" time="0.227">
    <system-out><![CDATA[[20:51:41] [main] INFO  com.blazedemo.tests.BaseClass - Browser is launching
[20:51:44] [main] INFO  com.blazedemo.tests.BaseClass - TestCase 1 started
Home page header is: Welcome to the Simple Travel Agency!
[20:51:44] [main] INFO  com.blazedemo.tests.BaseClass - TC01 Pass: home page is loaded and drop-down is visible.
]]></system-out>
    <system-err><![CDATA[SLF4J(W): No SLF4J providers were found.
SLF4J(W): Defaulting to no-operation (NOP) logger implementation
SLF4J(W): See https://www.slf4j.org/codes.html#noProviders for further details.
Mar 01, 2026 8:51:41 PM org.openqa.selenium.devtools.CdpVersionFinder findNearestMatch
WARNING: Unable to find an exact match for CDP version 145, returning the closest version; found: 143; Please update to a Selenium version that supports CDP version 145
]]></system-err>
  </testcase>
  <testcase name="TC02_SearchFlights" classname="com.blazedemo.tests.FunctionalTests" time="1.238">
    <system-out><![CDATA[[20:51:45] [main] INFO  com.blazedemo.tests.BaseClass - Browser is closing
[20:51:46] [main] INFO  com.blazedemo.tests.BaseClass - Browser is launching
[20:51:47] [main] INFO  com.blazedemo.tests.BaseClass - TestCase 2 started
[20:51:48] [main] INFO  com.blazedemo.tests.BaseClass - TC02 Pass:: ReservePage is visible
]]></system-out>
    <system-err><![CDATA[Mar 01, 2026 8:51:46 PM org.openqa.selenium.devtools.CdpVersionFinder findNearestMatch
WARNING: Unable to find an exact match for CDP version 145, returning the closest version; found: 143; Please update to a Selenium version that supports CDP version 145
]]></system-err>
  </testcase>
  <testcase name="TC03_completeFlightBooking" classname="com.blazedemo.tests.FunctionalTests" time="3.124">
    <system-out><![CDATA[[20:51:48] [main] INFO  com.blazedemo.tests.BaseClass - Browser is closing
[20:51:49] [main] INFO  com.blazedemo.tests.BaseClass - Browser is launching
[20:51:51] [main] INFO  com.blazedemo.tests.BaseClass - TestCase 3 started
[20:51:54] [main] INFO  com.blazedemo.tests.BaseClass - TC03 Pass: Booking is confirmed for Pooja
]]></system-out>
    <system-err><![CDATA[Mar 01, 2026 8:51:49 PM org.openqa.selenium.devtools.CdpVersionFinder findNearestMatch
WARNING: Unable to find an exact match for CDP version 145, returning the closest version; found: 143; Please update to a Selenium version that supports CDP version 145
]]></system-err>
  </testcase>
  <testcase name="TC04_multipleBookings[PoojaT, 17 Shark lane, Paris, Paris state, 12345, amex, 12345678, 12, 2025, Pooja Thule, Rome](1)" classname="com.blazedemo.tests.DataDrivenTest" time="2.842">
    <system-out><![CDATA[[20:51:54] [main] INFO  com.blazedemo.tests.BaseClass - Browser is closing
[20:51:56] [main] INFO  com.blazedemo.tests.BaseClass - Browser is launching
[20:51:57] [main] INFO  com.blazedemo.tests.BaseClass - TestCase 4 started
[20:52:00] [main] INFO  com.blazedemo.tests.BaseClass - TC04 Pass: Booking is confirmed for PoojaT
]]></system-out>
    <system-err><![CDATA[Mar 01, 2026 8:51:56 PM org.openqa.selenium.devtools.CdpVersionFinder findNearestMatch
WARNING: Unable to find an exact match for CDP version 145, returning the closest version; found: 143; Please update to a Selenium version that supports CDP version 145
]]></system-err>
  </testcase>
  <testcase name="TC04_multipleBookings[Neeraj, 16 DDG lane, Boston, Boston state, 1244, dinersclub, 12345678, 05, 2025, Neeraj Thule, Berlin](2)" classname="com.blazedemo.tests.DataDrivenTest" time="3.047">
    <system-out><![CDATA[[20:52:00] [main] INFO  com.blazedemo.tests.BaseClass - Browser is closing
[20:52:01] [main] INFO  com.blazedemo.tests.BaseClass - Browser is launching
[20:52:02] [main] INFO  com.blazedemo.tests.BaseClass - TestCase 4 started
[20:52:05] [main] INFO  com.blazedemo.tests.BaseClass - TC04 Pass: Booking is confirmed for Neeraj
]]></system-out>
    <system-err><![CDATA[Mar 01, 2026 8:52:01 PM org.openqa.selenium.devtools.CdpVersionFinder findNearestMatch
WARNING: Unable to find an exact match for CDP version 145, returning the closest version; found: 143; Please update to a Selenium version that supports CDP version 145
]]></system-err>
  </testcase>
  <testcase name="TC04_multipleBookings[Supriya, 89 Mexico City, Mexico City, Mexico City state, 12432, visa, 12345678, 09, 2026, Supriya Thule, London](3)" classname="com.blazedemo.tests.DataDrivenTest" time="1.831">
    <failure message="expected [true] but found [false]" type="java.lang.AssertionError"><![CDATA[java.lang.AssertionError: expected [true] but found [false]
	at org.testng.Assert.fail(Assert.java:111)
	at org.testng.Assert.failNotEquals(Assert.java:1590)
	at org.testng.Assert.assertTrue(Assert.java:57)
	at org.testng.Assert.assertTrue(Assert.java:67)
	at com.blazedemo.tests.DataDrivenTest.TC04_multipleBookings(DataDrivenTest.java:22)
	at java.base/jdk.internal.reflect.NativeMethodAccessorImpl.invoke0(Native Method)
	at java.base/jdk.internal.reflect.NativeMethodAccessorImpl.invoke(NativeMethodAccessorImpl.java:77)
	at java.base/jdk.internal.reflect.DelegatingMethodAccessorImpl.invoke(DelegatingMethodAccessorImpl.java:43)
	at java.base/java.lang.reflect.Method.invoke(Method.java:568)
	at org.testng.internal.invokers.MethodInvocationHelper.invokeMethod(MethodInvocationHelper.java:141)
	at org.testng.internal.invokers.TestInvoker.invokeMethod(TestInvoker.java:687)
	at org.testng.internal.invokers.TestInvoker.invokeTestMethod(TestInvoker.java:230)
	at org.testng.internal.invokers.MethodRunner.runInSequence(MethodRunner.java:63)
	at org.testng.internal.invokers.TestInvoker$MethodInvocationAgent.invoke(TestInvoker.java:995)
	at org.testng.internal.invokers.TestInvoker.invokeTestMethods(TestInvoker.java:203)
	at org.testng.internal.invokers.TestMethodWorker.invokeTestMethods(TestMethodWorker.java:154)
	at org.testng.internal.invokers.TestMethodWorker.run(TestMethodWorker.java:134)
	at java.base/java.util.ArrayList.forEach(ArrayList.java:1511)
	at org.testng.TestRunner.privateRun(TestRunner.java:741)
	at org.testng.TestRunner.run(TestRunner.java:616)
	at org.testng.SuiteRunner.runTest(SuiteRunner.java:421)
	at org.testng.SuiteRunner.runSequentially(SuiteRunner.java:413)
	at org.testng.SuiteRunner.privateRun(SuiteRunner.java:373)
	at org.testng.SuiteRunner.run(SuiteRunner.java:312)
	at org.testng.SuiteRunnerWorker.runSuite(SuiteRunnerWorker.java:52)
	at org.testng.SuiteRunnerWorker.run(SuiteRunnerWorker.java:95)
	at org.testng.TestNG.runSuitesSequentially(TestNG.java:1274)
	at org.testng.TestNG.runSuitesLocally(TestNG.java:1208)
	at org.testng.TestNG.runSuites(TestNG.java:1112)
	at org.testng.TestNG.run(TestNG.java:1079)
	at org.apache.maven.surefire.testng.TestNGExecutor.run(TestNGExecutor.java:308)
	at org.apache.maven.surefire.testng.TestNGXmlTestSuite.execute(TestNGXmlTestSuite.java:71)
	at org.apache.maven.surefire.testng.TestNGProvider.invoke(TestNGProvider.java:113)
	at org.apache.maven.surefire.booter.ForkedBooter.runSuitesInProcess(ForkedBooter.java:385)
	at org.apache.maven.surefire.booter.ForkedBooter.execute(ForkedBooter.java:162)
	at org.apache.maven.surefire.booter.ForkedBooter.run(ForkedBooter.java:507)
	at org.apache.maven.surefire.booter.ForkedBooter.main(ForkedBooter.java:495)
]]></failure>
    <system-out><![CDATA[[20:52:05] [main] INFO  com.blazedemo.tests.BaseClass - Browser is closing
[20:52:06] [main] INFO  com.blazedemo.tests.BaseClass - Browser is launching
[20:52:09] [main] INFO  com.blazedemo.tests.BaseClass - TestCase 4 started
]]></system-out>
    <system-err><![CDATA[Mar 01, 2026 8:52:06 PM org.openqa.selenium.devtools.CdpVersionFinder findNearestMatch
WARNING: Unable to find an exact match for CDP version 145, returning the closest version; found: 143; Please update to a Selenium version that supports CDP version 145
]]></system-err>
  </testcase>
  <testcase name="TC05_BlankcreaditcardDetail" classname="com.blazedemo.tests.NegativeTests" time="2.566">
    <failure message="Defect: System allowed booking with blank credit card! expected [true] but found [false]" type="java.lang.AssertionError"><![CDATA[java.lang.AssertionError: Defect: System allowed booking with blank credit card! expected [true] but found [false]
	at org.testng.Assert.fail(Assert.java:111)
	at org.testng.Assert.failNotEquals(Assert.java:1590)
	at org.testng.Assert.assertTrue(Assert.java:57)
	at com.blazedemo.tests.NegativeTests.TC05_BlankcreaditcardDetail(NegativeTests.java:23)
	at java.base/jdk.internal.reflect.NativeMethodAccessorImpl.invoke0(Native Method)
	at java.base/jdk.internal.reflect.NativeMethodAccessorImpl.invoke(NativeMethodAccessorImpl.java:77)
	at java.base/jdk.internal.reflect.DelegatingMethodAccessorImpl.invoke(DelegatingMethodAccessorImpl.java:43)
	at java.base/java.lang.reflect.Method.invoke(Method.java:568)
	at org.testng.internal.invokers.MethodInvocationHelper.invokeMethod(MethodInvocationHelper.java:141)
	at org.testng.internal.invokers.TestInvoker.invokeMethod(TestInvoker.java:687)
	at org.testng.internal.invokers.TestInvoker.invokeTestMethod(TestInvoker.java:230)
	at org.testng.internal.invokers.MethodRunner.runInSequence(MethodRunner.java:63)
	at org.testng.internal.invokers.TestInvoker$MethodInvocationAgent.invoke(TestInvoker.java:995)
	at org.testng.internal.invokers.TestInvoker.invokeTestMethods(TestInvoker.java:203)
	at org.testng.internal.invokers.TestMethodWorker.invokeTestMethods(TestMethodWorker.java:154)
	at org.testng.internal.invokers.TestMethodWorker.run(TestMethodWorker.java:134)
	at java.base/java.util.ArrayList.forEach(ArrayList.java:1511)
	at org.testng.TestRunner.privateRun(TestRunner.java:741)
	at org.testng.TestRunner.run(TestRunner.java:616)
	at org.testng.SuiteRunner.runTest(SuiteRunner.java:421)
	at org.testng.SuiteRunner.runSequentially(SuiteRunner.java:413)
	at org.testng.SuiteRunner.privateRun(SuiteRunner.java:373)
	at org.testng.SuiteRunner.run(SuiteRunner.java:312)
	at org.testng.SuiteRunnerWorker.runSuite(SuiteRunnerWorker.java:52)
	at org.testng.SuiteRunnerWorker.run(SuiteRunnerWorker.java:95)
	at org.testng.TestNG.runSuitesSequentially(TestNG.java:1274)
	at org.testng.TestNG.runSuitesLocally(TestNG.java:1208)
	at org.testng.TestNG.runSuites(TestNG.java:1112)
	at org.testng.TestNG.run(TestNG.java:1079)
	at org.apache.maven.surefire.testng.TestNGExecutor.run(TestNGExecutor.java:308)
	at org.apache.maven.surefire.testng.TestNGXmlTestSuite.execute(TestNGXmlTestSuite.java:71)
	at org.apache.maven.surefire.testng.TestNGProvider.invoke(TestNGProvider.java:113)
	at org.apache.maven.surefire.booter.ForkedBooter.runSuitesInProcess(ForkedBooter.java:385)
	at org.apache.maven.surefire.booter.ForkedBooter.execute(ForkedBooter.java:162)
	at org.apache.maven.surefire.booter.ForkedBooter.run(ForkedBooter.java:507)
	at org.apache.maven.surefire.booter.ForkedBooter.main(ForkedBooter.java:495)
]]></failure>
    <system-out><![CDATA[[20:52:11] [main] INFO  com.blazedemo.tests.BaseClass - Browser is closing
[20:52:12] [main] INFO  com.blazedemo.tests.BaseClass - Browser is launching
[20:52:13] [main] INFO  com.blazedemo.tests.BaseClass - TestCase 5 started
]]></system-out>
    <system-err><![CDATA[Mar 01, 2026 8:52:12 PM org.openqa.selenium.devtools.CdpVersionFinder findNearestMatch
WARNING: Unable to find an exact match for CDP version 145, returning the closest version; found: 143; Please update to a Selenium version that supports CDP version 145
]]></system-err>
  </testcase>
  <testcase name="TC06_InvalidCreditCardCharacters" classname="com.blazedemo.tests.NegativeTests" time="2.938">
    <failure message="Defect: System Accepts invalid character expected [true] but found [false]" type="java.lang.AssertionError"><![CDATA[java.lang.AssertionError: Defect: System Accepts invalid character expected [true] but found [false]
	at org.testng.Assert.fail(Assert.java:111)
	at org.testng.Assert.failNotEquals(Assert.java:1590)
	at org.testng.Assert.assertTrue(Assert.java:57)
	at com.blazedemo.tests.NegativeTests.TC06_InvalidCreditCardCharacters(NegativeTests.java:43)
	at java.base/jdk.internal.reflect.NativeMethodAccessorImpl.invoke0(Native Method)
	at java.base/jdk.internal.reflect.NativeMethodAccessorImpl.invoke(NativeMethodAccessorImpl.java:77)
	at java.base/jdk.internal.reflect.DelegatingMethodAccessorImpl.invoke(DelegatingMethodAccessorImpl.java:43)
	at java.base/java.lang.reflect.Method.invoke(Method.java:568)
	at org.testng.internal.invokers.MethodInvocationHelper.invokeMethod(MethodInvocationHelper.java:141)
	at org.testng.internal.invokers.TestInvoker.invokeMethod(TestInvoker.java:687)
	at org.testng.internal.invokers.TestInvoker.invokeTestMethod(TestInvoker.java:230)
	at org.testng.internal.invokers.MethodRunner.runInSequence(MethodRunner.java:63)
	at org.testng.internal.invokers.TestInvoker$MethodInvocationAgent.invoke(TestInvoker.java:995)
	at org.testng.internal.invokers.TestInvoker.invokeTestMethods(TestInvoker.java:203)
	at org.testng.internal.invokers.TestMethodWorker.invokeTestMethods(TestMethodWorker.java:154)
	at org.testng.internal.invokers.TestMethodWorker.run(TestMethodWorker.java:134)
	at java.base/java.util.ArrayList.forEach(ArrayList.java:1511)
	at org.testng.TestRunner.privateRun(TestRunner.java:741)
	at org.testng.TestRunner.run(TestRunner.java:616)
	at org.testng.SuiteRunner.runTest(SuiteRunner.java:421)
	at org.testng.SuiteRunner.runSequentially(SuiteRunner.java:413)
	at org.testng.SuiteRunner.privateRun(SuiteRunner.java:373)
	at org.testng.SuiteRunner.run(SuiteRunner.java:312)
	at org.testng.SuiteRunnerWorker.runSuite(SuiteRunnerWorker.java:52)
	at org.testng.SuiteRunnerWorker.run(SuiteRunnerWorker.java:95)
	at org.testng.TestNG.runSuitesSequentially(TestNG.java:1274)
	at org.testng.TestNG.runSuitesLocally(TestNG.java:1208)
	at org.testng.TestNG.runSuites(TestNG.java:1112)
	at org.testng.TestNG.run(TestNG.java:1079)
	at org.apache.maven.surefire.testng.TestNGExecutor.run(TestNGExecutor.java:308)
	at org.apache.maven.surefire.testng.TestNGXmlTestSuite.execute(TestNGXmlTestSuite.java:71)
	at org.apache.maven.surefire.testng.TestNGProvider.invoke(TestNGProvider.java:113)
	at org.apache.maven.surefire.booter.ForkedBooter.runSuitesInProcess(ForkedBooter.java:385)
	at org.apache.maven.surefire.booter.ForkedBooter.execute(ForkedBooter.java:162)
	at org.apache.maven.surefire.booter.ForkedBooter.run(ForkedBooter.java:507)
	at org.apache.maven.surefire.booter.ForkedBooter.main(ForkedBooter.java:495)
]]></failure>
    <system-out><![CDATA[[20:52:16] [main] INFO  com.blazedemo.tests.BaseClass - Browser is closing
[20:52:17] [main] INFO  com.blazedemo.tests.BaseClass - Browser is launching
[20:52:19] [main] INFO  com.blazedemo.tests.BaseClass - TestCase 6 started
]]></system-out>
    <system-err><![CDATA[Mar 01, 2026 8:52:17 PM org.openqa.selenium.devtools.CdpVersionFinder findNearestMatch
WARNING: Unable to find an exact match for CDP version 145, returning the closest version; found: 143; Please update to a Selenium version that supports CDP version 145
]]></system-err>
  </testcase>
  <testcase name="TC07_sameDepartureAndDestinationCity" classname="com.blazedemo.tests.NegativeTests" time="0.223">
    <system-out><![CDATA[[20:52:22] [main] INFO  com.blazedemo.tests.BaseClass - Browser is closing
[20:52:23] [main] INFO  com.blazedemo.tests.BaseClass - Browser is launching
[20:52:24] [main] INFO  com.blazedemo.tests.BaseClass - TestCase 7 started
]]></system-out>
    <system-err><![CDATA[Mar 01, 2026 8:52:23 PM org.openqa.selenium.devtools.CdpVersionFinder findNearestMatch
WARNING: Unable to find an exact match for CDP version 145, returning the closest version; found: 143; Please update to a Selenium version that supports CDP version 145
]]></system-err>
  </testcase>
</testsuite>