<?xml version="1.0" encoding="UTF-8"?>
<!-- Generated by org.testng.reporters.JUnitReportReporter -->
<testsuite hostname="DESKTOP-UUJQ8RB" failures="0" tests="2" name="com.blazedemo.tests.FunctionalTests" time="8.315" errors="0" timestamp="2026-03-01T20:55:56 IST" skipped="0">
  <testcase classname="com.blazedemo.tests.FunctionalTests" name="TC03_completeFlightBooking" time="5.088"/>
  <testcase classname="com.blazedemo.tests.FunctionalTests" name="TC02_SearchFlights" time="3.227"/>
</testsuite> <!-- com.blazedemo.tests.FunctionalTests -->
