<?xml version="1.0" encoding="UTF-8"?>
<!-- Generated by org.testng.reporters.JUnitReportReporter -->
<testsuite hostname="DESKTOP-UUJQ8RB" failures="0" tests="2" name="com.blazedemo.tests.FunctionalTests" time="13.653" errors="0" timestamp="2026-02-26T00:06:13 IST" skipped="0">
  <testcase classname="com.blazedemo.tests.FunctionalTests" name="TC03_completeFlightBooking" time="7.727"/>
  <testcase classname="com.blazedemo.tests.FunctionalTests" name="TC02_SearchFlights" time="5.926"/>
</testsuite> <!-- com.blazedemo.tests.FunctionalTests -->
