<?xml version="1.0" encoding="UTF-8"?>
<!-- Generated by org.testng.reporters.JUnitReportReporter -->
<testsuite hostname="DESKTOP-UUJQ8RB" failures="0" tests="3" name="com.blazedemo.tests.DataDrivenTest" time="20.103" errors="0" timestamp="2026-03-01T20:55:56 IST" skipped="0">
  <testcase classname="com.blazedemo.tests.DataDrivenTest" name="TC04_multipleBookings" time="6.231"/>
  <testcase classname="com.blazedemo.tests.DataDrivenTest" name="TC04_multipleBookings" time="7.988"/>
  <testcase classname="com.blazedemo.tests.DataDrivenTest" name="TC04_multipleBookings" time="5.884"/>
</testsuite> <!-- com.blazedemo.tests.DataDrivenTest -->
