<?xml version="1.0" encoding="UTF-8"?>
<!-- Generated by org.testng.reporters.JUnitReportReporter -->
<testsuite hostname="DESKTOP-UUJQ8RB" failures="0" tests="3" name="com.blazedemo.tests.DataDrivenTest" time="22.045" errors="0" timestamp="2026-02-26T00:06:13 IST" skipped="0">
  <testcase classname="com.blazedemo.tests.DataDrivenTest" name="TC04_multipleBookings" time="7.344"/>
  <testcase classname="com.blazedemo.tests.DataDrivenTest" name="TC04_multipleBookings" time="6.372"/>
  <testcase classname="com.blazedemo.tests.DataDrivenTest" name="TC04_multipleBookings" time="8.329"/>
</testsuite> <!-- com.blazedemo.tests.DataDrivenTest -->
